{"name": "Полный процесс оформления заказа", "status": "broken", "statusDetails": {"message": "selenium.common.exceptions.TimeoutException: Message: \nStacktrace:\n\tGetHandleVerifier [0x0x65ba83+63395]\n\tGetHandleVerifier [0x0x65bac4+63460]\n\t(No symbol) [0x0x4a2113]\n\t(No symbol) [0x0x4ea85e]\n\t(No symbol) [0x0x4eabfb]\n\t(No symbol) [0x0x532f92]\n\t(No symbol) [0x0x50f3f4]\n\t(No symbol) [0x0x5307ba]\n\t(No symbol) [0x0x50f1a6]\n\t(No symbol) [0x0x4de7b2]\n\t(No symbol) [0x0x4df654]\n\tGetHandleVerifier [0x0x8d8883+2672035]\n\tGetHandleVerifier [0x0x8d3cba+2652634]\n\tGetHandleVerifier [0x0x682bca+223466]\n\tGetHandleVerifier [0x0x672cb8+158168]\n\tGetHandleVerifier [0x0x67978d+185517]\n\tGetHandleVerifier [0x0x663b78+96408]\n\tGetHandleVerifier [0x0x663d02+96802]\n\tGetHandleVerifier [0x0x64e90a+9770]\n\tBaseThreadInitThunk [0x0x76515d49+25]\n\tRtlInitializeExceptionChain [0x0x7765d1ab+107]\n\tRtlGetAppContainerNamedObjectPath [0x0x7765d131+561]", "trace": "driver = <selenium.webdriver.chrome.webdriver.WebDriver (session=\"25e4eb7cc287bb8ee2b891fe8eff6887\")>\n\n    @allure.feature(\"Оформление заказа\")\n    @allure.severity(allure.severity_level.CRITICAL)\n    @allure.title(\"Полный процесс оформления заказа\")\n    @allure.description(\"Тестирование полного цикла покупки от авторизации до подтверждения заказа\")\n    def test_complete_purchase(driver):\n        with allure.step(\"Авторизация пользователя\"):\n            login_page = LoginPage(driver)\n            login_page.open()\n            login_page.login(\"standard_user\", \"secret_sauce\")\n    \n        with allure.step(\"Добавление товаров в корзину\"):\n            products_page = ProductsPage(driver)\n            products_page.add_to_cart(\"Sauce Labs Backpack\")\n            products_page.add_to_cart(\"Sauce Labs Bolt T-Shirt\")\n            products_page.add_to_cart(\"Sauce Labs Onesie\")\n            products_page.go_to_cart()\n    \n        with allure.step(\"Проверка корзины и переход к оформлению\"):\n            cart_page = CartPage(driver)\n            with allure.step(\"Проверить количество товаров в корзине\"):\n>               assert cart_page.get_cart_items_count() == 3, (\n                       ^^^^^^^^^^^^^^^^^^^^^^^^^^^^^^^^\n                    \"Ожидалось 3 товара в корзине\"\n                )\n\nInternetShop\\test_shopping.py:47: \n_ _ _ _ _ _ _ _ _ _ _ _ _ _ _ _ _ _ _ _ _ _ _ _ _ _ _ _ _ _ _ _ _ _ _ _ _ _ _ _ _ _ _ _ _ _ _ _ _ _ _ _ _ _ _ _ _ _ _ _ _ _ _ _ \nInternetShop\\pages\\cart_page.py:32: in get_cart_items_count\n    WebDriverWait(self.driver, 10).until(\n_ _ _ _ _ _ _ _ _ _ _ _ _ _ _ _ _ _ _ _ _ _ _ _ _ _ _ _ _ _ _ _ _ _ _ _ _ _ _ _ _ _ _ _ _ _ _ _ _ _ _ _ _ _ _ _ _ _ _ _ _ _ _ _ \n\nself = <selenium.webdriver.support.wait.WebDriverWait (session=\"25e4eb7cc287bb8ee2b891fe8eff6887\")>\nmethod = <function presence_of_element_located.<locals>._predicate at 0x00000210A9F0DDA0>, message = ''\n\n    def until(self, method: Callable[[D], Union[Literal[False], T]], message: str = \"\") -> T:\n        \"\"\"Wait until the method returns a value that is not False.\n    \n        Calls the method provided with the driver as an argument until the\n        return value does not evaluate to ``False``.\n    \n        Parameters:\n        -----------\n        method: callable(WebDriver)\n            - A callable object that takes a WebDriver instance as an argument.\n    \n        message: str\n            - Optional message for :exc:`TimeoutException`\n    \n        Return:\n        -------\n        object: T\n            - The result of the last call to `method`\n    \n        Raises:\n        -------\n        TimeoutException\n            - If 'method' does not return a truthy value within the WebDriverWait\n            object's timeout\n    \n        Example:\n        --------\n        >>> from selenium.webdriver.common.by import By\n        >>> from selenium.webdriver.support.ui import WebDriverWait\n        >>> from selenium.webdriver.support import expected_conditions as EC\n    \n        # Wait until an element is visible on the page\n        >>> wait = WebDriverWait(driver, 10)\n        >>> element = wait.until(EC.visibility_of_element_located((By.ID, \"exampleId\")))\n        >>> print(element.text)\n        \"\"\"\n        screen = None\n        stacktrace = None\n    \n        end_time = time.monotonic() + self._timeout\n        while True:\n            try:\n                value = method(self._driver)\n                if value:\n                    return value\n            except self._ignored_exceptions as exc:\n                screen = getattr(exc, \"screen\", None)\n                stacktrace = getattr(exc, \"stacktrace\", None)\n            if time.monotonic() > end_time:\n                break\n            time.sleep(self._poll)\n>       raise TimeoutException(message, screen, stacktrace)\nE       selenium.common.exceptions.TimeoutException: Message: \nE       Stacktrace:\nE       \tGetHandleVerifier [0x0x65ba83+63395]\nE       \tGetHandleVerifier [0x0x65bac4+63460]\nE       \t(No symbol) [0x0x4a2113]\nE       \t(No symbol) [0x0x4ea85e]\nE       \t(No symbol) [0x0x4eabfb]\nE       \t(No symbol) [0x0x532f92]\nE       \t(No symbol) [0x0x50f3f4]\nE       \t(No symbol) [0x0x5307ba]\nE       \t(No symbol) [0x0x50f1a6]\nE       \t(No symbol) [0x0x4de7b2]\nE       \t(No symbol) [0x0x4df654]\nE       \tGetHandleVerifier [0x0x8d8883+2672035]\nE       \tGetHandleVerifier [0x0x8d3cba+2652634]\nE       \tGetHandleVerifier [0x0x682bca+223466]\nE       \tGetHandleVerifier [0x0x672cb8+158168]\nE       \tGetHandleVerifier [0x0x67978d+185517]\nE       \tGetHandleVerifier [0x0x663b78+96408]\nE       \tGetHandleVerifier [0x0x663d02+96802]\nE       \tGetHandleVerifier [0x0x64e90a+9770]\nE       \tBaseThreadInitThunk [0x0x76515d49+25]\nE       \tRtlInitializeExceptionChain [0x0x7765d1ab+107]\nE       \tRtlGetAppContainerNamedObjectPath [0x0x7765d131+561]\n\n..\\..\\..\\AppData\\Local\\Programs\\Python\\Python313\\Lib\\site-packages\\selenium\\webdriver\\support\\wait.py:138: TimeoutException"}, "description": "Тестирование полного цикла покупки от авторизации до подтверждения заказа", "steps": [{"name": "Авторизация пользователя", "status": "passed", "start": 1754414581002, "stop": 1754414583805}, {"name": "Добавление товаров в корзину", "status": "passed", "start": 1754414583805, "stop": 1754414584333}, {"name": "Проверка корзины и переход к оформлению", "status": "broken", "statusDetails": {"message": "selenium.common.exceptions.TimeoutException: Message: \nStacktrace:\n\tGetHandleVerifier [0x0x65ba83+63395]\n\tGetHandleVerifier [0x0x65bac4+63460]\n\t(No symbol) [0x0x4a2113]\n\t(No symbol) [0x0x4ea85e]\n\t(No symbol) [0x0x4eabfb]\n\t(No symbol) [0x0x532f92]\n\t(No symbol) [0x0x50f3f4]\n\t(No symbol) [0x0x5307ba]\n\t(No symbol) [0x0x50f1a6]\n\t(No symbol) [0x0x4de7b2]\n\t(No symbol) [0x0x4df654]\n\tGetHandleVerifier [0x0x8d8883+2672035]\n\tGetHandleVerifier [0x0x8d3cba+2652634]\n\tGetHandleVerifier [0x0x682bca+223466]\n\tGetHandleVerifier [0x0x672cb8+158168]\n\tGetHandleVerifier [0x0x67978d+185517]\n\tGetHandleVerifier [0x0x663b78+96408]\n\tGetHandleVerifier [0x0x663d02+96802]\n\tGetHandleVerifier [0x0x64e90a+9770]\n\tBaseThreadInitThunk [0x0x76515d49+25]\n\tRtlInitializeExceptionChain [0x0x7765d1ab+107]\n\tRtlGetAppContainerNamedObjectPath [0x0x7765d131+561]\n\n", "trace": "  File \"C:\\Users\\aavtu\\new_repo\\test\\10_lesson\\InternetShop\\test_shopping.py\", line 47, in test_complete_purchase\n    assert cart_page.get_cart_items_count() == 3, (\n           ~~~~~~~~~~~~~~~~~~~~~~~~~~~~~~^^\n  File \"C:\\Users\\aavtu\\AppData\\Local\\Programs\\Python\\Python313\\Lib\\site-packages\\allure_commons\\_allure.py\", line 202, in impl\n    return func(*a, **kw)\n  File \"C:\\Users\\aavtu\\new_repo\\test\\10_lesson\\InternetShop\\pages\\cart_page.py\", line 32, in get_cart_items_count\n    WebDriverWait(self.driver, 10).until(\n    ~~~~~~~~~~~~~~~~~~~~~~~~~~~~~~~~~~~~^\n        EC.presence_of_element_located((By.CLASS_NAME, \"cart_item\"))\n        ^^^^^^^^^^^^^^^^^^^^^^^^^^^^^^^^^^^^^^^^^^^^^^^^^^^^^^^^^^^^\n    )\n    ^\n  File \"C:\\Users\\aavtu\\AppData\\Local\\Programs\\Python\\Python313\\Lib\\site-packages\\selenium\\webdriver\\support\\wait.py\", line 138, in until\n    raise TimeoutException(message, screen, stacktrace)\n"}, "steps": [{"name": "Проверить количество товаров в корзине", "status": "broken", "statusDetails": {"message": "selenium.common.exceptions.TimeoutException: Message: \nStacktrace:\n\tGetHandleVerifier [0x0x65ba83+63395]\n\tGetHandleVerifier [0x0x65bac4+63460]\n\t(No symbol) [0x0x4a2113]\n\t(No symbol) [0x0x4ea85e]\n\t(No symbol) [0x0x4eabfb]\n\t(No symbol) [0x0x532f92]\n\t(No symbol) [0x0x50f3f4]\n\t(No symbol) [0x0x5307ba]\n\t(No symbol) [0x0x50f1a6]\n\t(No symbol) [0x0x4de7b2]\n\t(No symbol) [0x0x4df654]\n\tGetHandleVerifier [0x0x8d8883+2672035]\n\tGetHandleVerifier [0x0x8d3cba+2652634]\n\tGetHandleVerifier [0x0x682bca+223466]\n\tGetHandleVerifier [0x0x672cb8+158168]\n\tGetHandleVerifier [0x0x67978d+185517]\n\tGetHandleVerifier [0x0x663b78+96408]\n\tGetHandleVerifier [0x0x663d02+96802]\n\tGetHandleVerifier [0x0x64e90a+9770]\n\tBaseThreadInitThunk [0x0x76515d49+25]\n\tRtlInitializeExceptionChain [0x0x7765d1ab+107]\n\tRtlGetAppContainerNamedObjectPath [0x0x7765d131+561]\n\n", "trace": "  File \"C:\\Users\\aavtu\\new_repo\\test\\10_lesson\\InternetShop\\test_shopping.py\", line 47, in test_complete_purchase\n    assert cart_page.get_cart_items_count() == 3, (\n           ~~~~~~~~~~~~~~~~~~~~~~~~~~~~~~^^\n  File \"C:\\Users\\aavtu\\AppData\\Local\\Programs\\Python\\Python313\\Lib\\site-packages\\allure_commons\\_allure.py\", line 202, in impl\n    return func(*a, **kw)\n  File \"C:\\Users\\aavtu\\new_repo\\test\\10_lesson\\InternetShop\\pages\\cart_page.py\", line 32, in get_cart_items_count\n    WebDriverWait(self.driver, 10).until(\n    ~~~~~~~~~~~~~~~~~~~~~~~~~~~~~~~~~~~~^\n        EC.presence_of_element_located((By.CLASS_NAME, \"cart_item\"))\n        ^^^^^^^^^^^^^^^^^^^^^^^^^^^^^^^^^^^^^^^^^^^^^^^^^^^^^^^^^^^^\n    )\n    ^\n  File \"C:\\Users\\aavtu\\AppData\\Local\\Programs\\Python\\Python313\\Lib\\site-packages\\selenium\\webdriver\\support\\wait.py\", line 138, in until\n    raise TimeoutException(message, screen, stacktrace)\n"}, "steps": [{"name": "Получить количество товаров в корзине", "status": "broken", "statusDetails": {"message": "selenium.common.exceptions.TimeoutException: Message: \nStacktrace:\n\tGetHandleVerifier [0x0x65ba83+63395]\n\tGetHandleVerifier [0x0x65bac4+63460]\n\t(No symbol) [0x0x4a2113]\n\t(No symbol) [0x0x4ea85e]\n\t(No symbol) [0x0x4eabfb]\n\t(No symbol) [0x0x532f92]\n\t(No symbol) [0x0x50f3f4]\n\t(No symbol) [0x0x5307ba]\n\t(No symbol) [0x0x50f1a6]\n\t(No symbol) [0x0x4de7b2]\n\t(No symbol) [0x0x4df654]\n\tGetHandleVerifier [0x0x8d8883+2672035]\n\tGetHandleVerifier [0x0x8d3cba+2652634]\n\tGetHandleVerifier [0x0x682bca+223466]\n\tGetHandleVerifier [0x0x672cb8+158168]\n\tGetHandleVerifier [0x0x67978d+185517]\n\tGetHandleVerifier [0x0x663b78+96408]\n\tGetHandleVerifier [0x0x663d02+96802]\n\tGetHandleVerifier [0x0x64e90a+9770]\n\tBaseThreadInitThunk [0x0x76515d49+25]\n\tRtlInitializeExceptionChain [0x0x7765d1ab+107]\n\tRtlGetAppContainerNamedObjectPath [0x0x7765d131+561]\n\n", "trace": "  File \"C:\\Users\\aavtu\\AppData\\Local\\Programs\\Python\\Python313\\Lib\\site-packages\\allure_commons\\_allure.py\", line 202, in impl\n    return func(*a, **kw)\n  File \"C:\\Users\\aavtu\\new_repo\\test\\10_lesson\\InternetShop\\pages\\cart_page.py\", line 32, in get_cart_items_count\n    WebDriverWait(self.driver, 10).until(\n    ~~~~~~~~~~~~~~~~~~~~~~~~~~~~~~~~~~~~^\n        EC.presence_of_element_located((By.CLASS_NAME, \"cart_item\"))\n        ^^^^^^^^^^^^^^^^^^^^^^^^^^^^^^^^^^^^^^^^^^^^^^^^^^^^^^^^^^^^\n    )\n    ^\n  File \"C:\\Users\\aavtu\\AppData\\Local\\Programs\\Python\\Python313\\Lib\\site-packages\\selenium\\webdriver\\support\\wait.py\", line 138, in until\n    raise TimeoutException(message, screen, stacktrace)\n"}, "start": 1754414584334, "stop": 1754414594592}], "start": 1754414584334, "stop": 1754414594594}], "start": 1754414584334, "stop": 1754414594595}], "start": 1754414581002, "stop": 1754414594596, "uuid": "dab2cffe-8106-4551-93e5-b0e9c1469a6a", "historyId": "d46bd714aced2415369cc543d964410f", "testCaseId": "d46bd714aced2415369cc543d964410f", "fullName": "InternetShop.test_shopping#test_complete_purchase", "labels": [{"name": "severity", "value": "critical"}, {"name": "feature", "value": "Оформление заказа"}, {"name": "parentSuite", "value": "InternetShop"}, {"name": "suite", "value": "test_shopping"}, {"name": "host", "value": "Aлександр"}, {"name": "thread", "value": "19128-MainThread"}, {"name": "framework", "value": "pytest"}, {"name": "language", "value": "cpython3"}, {"name": "package", "value": "InternetShop.test_shopping"}], "titlePath": ["InternetShop", "test_shopping.py"]}